<?xml version="1.0" encoding="UTF-8"?>
<testsuites name="jest tests" tests="6" failures="0" time="2.116">
  <testsuite name="errorFactory method" errors="0" failures="0" skipped="0" timestamp="2020-04-13T10:44:11" time="0.796" tests="1">
    <testcase classname="errorFactory method Error must return a Custom Error" name="errorFactory method Error must return a Custom Error" time="0.011">
    </testcase>
  </testsuite>
  <testsuite name="CustomErrorTypes object" errors="0" failures="0" skipped="0" timestamp="2020-04-13T10:44:11" time="0.78" tests="1">
    <testcase classname="CustomErrorTypes object Custom error types must match last snapshot" name="CustomErrorTypes object Custom error types must match last snapshot" time="0.004">
    </testcase>
  </testsuite>
  <testsuite name="handleHttpError method" errors="0" failures="0" skipped="0" timestamp="2020-04-13T10:44:11" time="0.794" tests="1">
    <testcase classname="handleHttpError method Error must return a Custom Error with 500 as we do not setup a CustomErrorType" name="handleHttpError method Error must return a Custom Error with 500 as we do not setup a CustomErrorType" time="0.009">
    </testcase>
  </testsuite>
  <testsuite name="tagError method" errors="0" failures="0" skipped="0" timestamp="2020-04-13T10:44:11" time="0.859" tests="1">
    <testcase classname="tagError method Error must return a Custom Error with 403 as we are tagging this error" name="tagError method Error must return a Custom Error with 403 as we are tagging this error" time="0.009">
    </testcase>
  </testsuite>
  <testsuite name="Testing fake server error-handler-module" errors="0" failures="0" skipped="0" timestamp="2020-04-13T10:44:11" time="0.945" tests="2">
    <testcase classname="Testing fake server error-handler-module Error invalid input payload" name="Testing fake server error-handler-module Error invalid input payload" time="0.019">
    </testcase>
    <testcase classname="Testing fake server error-handler-module Error invalid input with extended tagError" name="Testing fake server error-handler-module Error invalid input with extended tagError" time="0.002">
    </testcase>
  </testsuite>
</testsuites>